[19:26:36] [ServerMain/INFO]: Building unoptimized datafixer
[19:26:37] [ServerMain/INFO]: Environment: authHost='https://authserver.mojang.com', accountsHost='https://api.mojang.com', sessionHost='https://sessionserver.mojang.com', servicesHost='https://api.minecraftservices.com', name='PROD'
[19:26:38] [ServerMain/INFO]: Loaded 7 recipes
[19:26:38] [ServerMain/INFO]: Loaded 1179 advancements
[19:26:39] [Server thread/INFO]: Starting minecraft server version 1.19.3
[19:26:39] [Server thread/INFO]: Loading properties
[19:26:39] [Server thread/INFO]: Default game type: SURVIVAL
[19:26:39] [Server thread/INFO]: Generating keypair
[19:26:39] [Server console handler/ERROR]: Exception handling console input
java.io.IOException: Identificador inválido
	at java.io.FileInputStream.readBytes(Native Method) ~[?:?]
	at java.io.FileInputStream.read(FileInputStream.java:276) ~[?:?]
	at java.io.BufferedInputStream.read1(BufferedInputStream.java:282) ~[?:?]
	at java.io.BufferedInputStream.read(BufferedInputStream.java:343) ~[?:?]
	at sun.nio.cs.StreamDecoder.readBytes(StreamDecoder.java:270) ~[?:?]
	at sun.nio.cs.StreamDecoder.implRead(StreamDecoder.java:313) ~[?:?]
	at sun.nio.cs.StreamDecoder.read(StreamDecoder.java:188) ~[?:?]
	at java.io.InputStreamReader.read(InputStreamReader.java:176) ~[?:?]
	at java.io.BufferedReader.fill(BufferedReader.java:162) ~[?:?]
	at java.io.BufferedReader.readLine(BufferedReader.java:329) ~[?:?]
	at java.io.BufferedReader.readLine(BufferedReader.java:396) ~[?:?]
	at agn$1.run(SourceFile:89) ~[server-1.19.3.jar:?]
[19:26:39] [Server thread/INFO]: Starting Minecraft server on *:25565
[19:26:39] [Server thread/INFO]: Using default channel type
[19:26:39] [Server thread/WARN]: **** SERVER IS RUNNING IN OFFLINE/INSECURE MODE!
[19:26:39] [Server thread/WARN]: The server will make no attempt to authenticate usernames. Beware.
[19:26:39] [Server thread/WARN]: While this makes the game possible to play without internet access, it also opens up the ability for hackers to connect with any username they choose.
[19:26:39] [Server thread/WARN]: To change this, set "online-mode" to "true" in the server.properties file.
[19:26:39] [Server thread/WARN]: Failed to load white-list: 
com.google.gson.JsonSyntaxException: Expected entry to be a JsonObject, was "caio"
	at ant.m(SourceFile:405) ~[server-1.19.3.jar:?]
	at akw.f(SourceFile:122) ~[server-1.19.3.jar:?]
	at agm.C(SourceFile:109) ~[server-1.19.3.jar:?]
	at agm.<init>(SourceFile:29) ~[server-1.19.3.jar:?]
	at agn.e(SourceFile:161) ~[server-1.19.3.jar:?]
	at net.minecraft.server.MinecraftServer.w(SourceFile:648) ~[server-1.19.3.jar:?]
	at net.minecraft.server.MinecraftServer.a(SourceFile:264) ~[server-1.19.3.jar:?]
	at java.lang.Thread.run(Thread.java:833) ~[?:?]
[19:26:39] [Server thread/INFO]: Preparing level "world"
[19:26:42] [Server thread/INFO]: Preparing start region for dimension minecraft:overworld
[19:26:43] [Worker-Main-1/INFO]: Preparing spawn area: 0%
[19:26:43] [Worker-Main-2/INFO]: Preparing spawn area: 0%
[19:26:43] [Worker-Main-6/INFO]: Preparing spawn area: 0%
[19:26:44] [Worker-Main-1/INFO]: Preparing spawn area: 0%
[19:26:44] [Worker-Main-6/INFO]: Preparing spawn area: 1%
[19:26:45] [Worker-Main-1/INFO]: Preparing spawn area: 3%
[19:26:45] [Worker-Main-5/INFO]: Preparing spawn area: 5%
[19:26:46] [Worker-Main-1/INFO]: Preparing spawn area: 7%
[19:26:46] [Worker-Main-6/INFO]: Preparing spawn area: 9%
[19:26:47] [Worker-Main-7/INFO]: Preparing spawn area: 12%
[19:26:47] [Worker-Main-7/INFO]: Preparing spawn area: 14%
[19:26:48] [Worker-Main-4/INFO]: Preparing spawn area: 17%
[19:26:48] [Worker-Main-6/INFO]: Preparing spawn area: 20%
[19:26:49] [Worker-Main-5/INFO]: Preparing spawn area: 23%
[19:26:49] [Worker-Main-4/INFO]: Preparing spawn area: 26%
[19:26:50] [Worker-Main-2/INFO]: Preparing spawn area: 30%
[19:26:50] [Worker-Main-7/INFO]: Preparing spawn area: 33%
[19:26:51] [Worker-Main-4/INFO]: Preparing spawn area: 37%
[19:26:51] [Worker-Main-4/INFO]: Preparing spawn area: 40%
[19:26:52] [Worker-Main-5/INFO]: Preparing spawn area: 44%
[19:26:52] [Worker-Main-3/INFO]: Preparing spawn area: 47%
[19:26:53] [Worker-Main-2/INFO]: Preparing spawn area: 52%
[19:26:53] [Worker-Main-2/INFO]: Preparing spawn area: 55%
[19:26:54] [Worker-Main-3/INFO]: Preparing spawn area: 59%
[19:26:54] [Worker-Main-2/INFO]: Preparing spawn area: 62%
[19:26:55] [Worker-Main-1/INFO]: Preparing spawn area: 66%
[19:26:55] [Worker-Main-2/INFO]: Preparing spawn area: 70%
[19:26:56] [Worker-Main-3/INFO]: Preparing spawn area: 72%
[19:26:56] [Worker-Main-2/INFO]: Preparing spawn area: 76%
[19:26:57] [Worker-Main-6/INFO]: Preparing spawn area: 81%
[19:26:57] [Worker-Main-3/INFO]: Preparing spawn area: 85%
[19:26:58] [Worker-Main-5/INFO]: Preparing spawn area: 88%
[19:26:58] [Worker-Main-4/INFO]: Preparing spawn area: 92%
[19:26:59] [Worker-Main-7/INFO]: Preparing spawn area: 96%
[19:26:59] [Server thread/INFO]: Time elapsed: 16784 ms
[19:26:59] [Server thread/INFO]: Done (19.982s)! For help, type "help"
[19:30:18] [Server thread/INFO]: Stopping server
[19:30:18] [Server thread/INFO]: Saving players
[19:30:18] [Server thread/INFO]: Saving worlds
[19:30:18] [Server thread/INFO]: Saving chunks for level 'ServerLevel[world]'/minecraft:overworld
[19:30:19] [Server thread/INFO]: Saving chunks for level 'ServerLevel[world]'/minecraft:the_end
[19:30:19] [Server thread/INFO]: Saving chunks for level 'ServerLevel[world]'/minecraft:the_nether
[19:30:19] [Server thread/INFO]: ThreadedAnvilChunkStorage (world): All chunks are saved
[19:30:19] [Server thread/INFO]: ThreadedAnvilChunkStorage (DIM1): All chunks are saved
[19:30:19] [Server thread/INFO]: ThreadedAnvilChunkStorage (DIM-1): All chunks are saved
[19:30:19] [Server thread/INFO]: ThreadedAnvilChunkStorage: All dimensions are saved
